Base path: D:/Program Files/Unity/Editor/Data
Pipe name: \\.\pipe\UnityShaderCompiler-64bit-1-8408
Cmd: getPlatforms
Cmd: preprocess
  insize=1563 outsize=691 ok=1
Cmd: preprocess
  insize=2021 outsize=695 ok=1
Cmd: preprocess
  insize=3359 outsize=752 ok=1
Cmd: preprocess
  insize=2720 outsize=663 ok=1
Cmd: preprocess
  insize=2730 outsize=808 ok=1
Cmd: preprocess
  insize=1200 outsize=603 ok=1
Cmd: preprocess
  insize=1332 outsize=659 ok=1
Cmd: preprocess
  insize=3111 outsize=712 ok=1
Cmd: preprocess
  insize=1372 outsize=733 ok=1
Cmd: preprocess
  insize=1367 outsize=728 ok=1
Cmd: preprocess
  insize=2057 outsize=656 ok=1
Cmd: preprocess
  insize=2124 outsize=876 ok=1
Cmd: preprocess
  insize=1721 outsize=788 ok=1
Cmd: preprocess
  insize=2698 outsize=944 ok=1
Cmd: preprocess
  insize=1944 outsize=796 ok=1
Cmd: preprocess
  insize=2375 outsize=1001 ok=1
Cmd: preprocess
  insize=2025 outsize=659 ok=1
Cmd: preprocess
  insize=1946 outsize=757 ok=1
Cmd: preprocess
  insize=1456 outsize=656 ok=1
Cmd: preprocess
  insize=2816 outsize=725 ok=1
Cmd: preprocess
  insize=1360 outsize=667 ok=1
Cmd: preprocess
  insize=2738 outsize=812 ok=1
Cmd: preprocess
  insize=2184 outsize=661 ok=1
Cmd: preprocess
  insize=1500 outsize=752 ok=1
Cmd: preprocess
  insize=1853 outsize=814 ok=1
Cmd: preprocess
  insize=1968 outsize=658 ok=1
Cmd: preprocess
  insize=1873 outsize=659 ok=1
Cmd: preprocess
  insize=1475 outsize=663 ok=1
Cmd: preprocess
  insize=1768 outsize=657 ok=1
Cmd: preprocess
  insize=1342 outsize=648 ok=1
Cmd: preprocess
  insize=2375 outsize=1005 ok=1
Cmd: preprocess
  insize=1376 outsize=660 ok=1
Cmd: preprocess
  insize=2327 outsize=767 ok=1
Cmd: preprocess
  insize=1272 outsize=647 ok=1
Cmd: preprocess
  insize=2317 outsize=791 ok=1
Cmd: preprocess
  insize=1623 outsize=696 ok=1
Cmd: preprocess
  insize=2188 outsize=723 ok=1
Cmd: preprocess
  insize=1596 outsize=854 ok=1
Cmd: preprocess
  insize=2007 outsize=708 ok=1
Cmd: preprocess
  insize=2474 outsize=859 ok=1
Cmd: preprocess
  insize=2216 outsize=1010 ok=1
Cmd: preprocess
  insize=2211 outsize=769 ok=1
Cmd: preprocess
  insize=1529 outsize=808 ok=1
Cmd: preprocess
  insize=1534 outsize=690 ok=1
Cmd: preprocess
  insize=2172 outsize=880 ok=1
Cmd: preprocess
  insize=2289 outsize=655 ok=1
Cmd: preprocess
  insize=1884 outsize=666 ok=1
Cmd: preprocess
  insize=2073 outsize=758 ok=1
Cmd: preprocess
  insize=2045 outsize=736 ok=1
Cmd: preprocess
  insize=2194 outsize=877 ok=1
Cmd: preprocess
  insize=2475 outsize=1004 ok=1
Cmd: preprocess
  insize=2283 outsize=658 ok=1
Cmd: preprocess
  insize=2347 outsize=1113 ok=1
Cmd: preprocess
  insize=1762 outsize=704 ok=1
Cmd: preprocess
  insize=1997 outsize=820 ok=1
Cmd: preprocess
  insize=1595 outsize=772 ok=1
Cmd: preprocess
  insize=2461 outsize=795 ok=1
Cmd: preprocess
  insize=2282 outsize=621 ok=1
Cmd: preprocess
  insize=3023 outsize=661 ok=1
Cmd: preprocess
  insize=3105 outsize=726 ok=1
Cmd: preprocess
  insize=2214 outsize=1014 ok=1
Cmd: preprocess
  insize=3390 outsize=765 ok=1
Cmd: preprocess
  insize=3063 outsize=659 ok=1
Cmd: preprocess
  insize=3023 outsize=659 ok=1
Cmd: preprocess
  insize=1629 outsize=772 ok=1
Cmd: preprocess
  insize=2211 outsize=728 ok=1
Cmd: preprocess
  insize=2257 outsize=725 ok=1
